Performing C SOURCE FILE Test CMAKE_HAVE_LIBC_PTHREAD failed with the following output:
Change Dir: /home/78k/myRepos/solps_interp/build/CMakeFiles/CMakeTmp

Run Build Command(s):/usr/bin/make -f Makefile cmTC_6e8cd/fast && /usr/bin/make  -f CMakeFiles/cmTC_6e8cd.dir/build.make CMakeFiles/cmTC_6e8cd.dir/build
make[1]: Entering directory '/home/78k/myRepos/solps_interp/build/CMakeFiles/CMakeTmp'
Building C object CMakeFiles/cmTC_6e8cd.dir/src.c.o
/usr/bin/cc -DCMAKE_HAVE_LIBC_PTHREAD  -fPIC  -o CMakeFiles/cmTC_6e8cd.dir/src.c.o -c /home/78k/myRepos/solps_interp/build/CMakeFiles/CMakeTmp/src.c
Linking C executable cmTC_6e8cd
/home/5n4/spack/opt/spack/linux-ubuntu18.04-cascadelake/gcc-11.2.0/cmake-3.22.1-p2thcxuu73iatal3h3ef2knt6p6mzkms/bin/cmake -E cmake_link_script CMakeFiles/cmTC_6e8cd.dir/link.txt --verbose=1
/usr/bin/cc -fPIC  -rdynamic CMakeFiles/cmTC_6e8cd.dir/src.c.o -o cmTC_6e8cd 
/usr/bin/ld: CMakeFiles/cmTC_6e8cd.dir/src.c.o: in function `main':
src.c:(.text+0x46): undefined reference to `pthread_create'
/usr/bin/ld: src.c:(.text+0x52): undefined reference to `pthread_detach'
/usr/bin/ld: src.c:(.text+0x5e): undefined reference to `pthread_cancel'
/usr/bin/ld: src.c:(.text+0x6f): undefined reference to `pthread_join'
collect2: error: ld returned 1 exit status
make[1]: *** [CMakeFiles/cmTC_6e8cd.dir/build.make:99: cmTC_6e8cd] Error 1
make[1]: Leaving directory '/home/78k/myRepos/solps_interp/build/CMakeFiles/CMakeTmp'
make: *** [Makefile:127: cmTC_6e8cd/fast] Error 2


Source file was:
#include <pthread.h>

static void* test_func(void* data)
{
  return data;
}

int main(void)
{
  pthread_t thread;
  pthread_create(&thread, NULL, test_func, NULL);
  pthread_detach(thread);
  pthread_cancel(thread);
  pthread_join(thread, NULL);
  pthread_atfork(NULL, NULL, NULL);
  pthread_exit(NULL);

  return 0;
}

Determining if the function pthread_create exists in the pthreads failed with the following output:
Change Dir: /home/78k/myRepos/solps_interp/build/CMakeFiles/CMakeTmp

Run Build Command(s):/usr/bin/make -f Makefile cmTC_422a4/fast && /usr/bin/make  -f CMakeFiles/cmTC_422a4.dir/build.make CMakeFiles/cmTC_422a4.dir/build
make[1]: Entering directory '/home/78k/myRepos/solps_interp/build/CMakeFiles/CMakeTmp'
Building C object CMakeFiles/cmTC_422a4.dir/CheckFunctionExists.c.o
/usr/bin/cc   -fPIC -DCHECK_FUNCTION_EXISTS=pthread_create -o CMakeFiles/cmTC_422a4.dir/CheckFunctionExists.c.o -c /home/5n4/spack/opt/spack/linux-ubuntu18.04-cascadelake/gcc-11.2.0/cmake-3.22.1-p2thcxuu73iatal3h3ef2knt6p6mzkms/share/cmake-3.22/Modules/CheckFunctionExists.c
Linking C executable cmTC_422a4
/home/5n4/spack/opt/spack/linux-ubuntu18.04-cascadelake/gcc-11.2.0/cmake-3.22.1-p2thcxuu73iatal3h3ef2knt6p6mzkms/bin/cmake -E cmake_link_script CMakeFiles/cmTC_422a4.dir/link.txt --verbose=1
/usr/bin/cc -fPIC -DCHECK_FUNCTION_EXISTS=pthread_create -rdynamic CMakeFiles/cmTC_422a4.dir/CheckFunctionExists.c.o -o cmTC_422a4  -lpthreads 
/usr/bin/ld: cannot find -lpthreads
collect2: error: ld returned 1 exit status
make[1]: *** [CMakeFiles/cmTC_422a4.dir/build.make:99: cmTC_422a4] Error 1
make[1]: Leaving directory '/home/78k/myRepos/solps_interp/build/CMakeFiles/CMakeTmp'
make: *** [Makefile:127: cmTC_422a4/fast] Error 2



